[0;34m[2025-07-01 22:48:23] INFO: [0m
[0;34m[2025-07-01 22:48:23] INFO: ==============================================[0m
[0;34m[2025-07-01 22:48:23] INFO: 🧬 Module: setup_reference[0m
[0;34m[2025-07-01 22:48:23] INFO: 📌 Purpose: Set Genome reference, black list, and TSS annotations[0m
[0;34m[2025-07-01 22:48:23] INFO: 📁 Output dir: /home/nancy/DATASEt3/Reference/[0m
[0;34m[2025-07-01 22:48:23] INFO: 🕒 Start time: 2025-07-01 22:48:23[0m
[0;34m[2025-07-01 22:48:23] INFO: 📦 Script version: 2.0.0 (setup_reference.sh)[0m
[0;34m[2025-07-01 22:48:23] INFO: ==============================================[0m
[INFO] Starting reference setup for hg38 in /home/nancy/DATASEt3/Reference/hg38
[INFO] ▶ Genome FASTA
--2025-07-01 22:48:23--  http://hgdownload.soe.ucsc.edu/goldenPath/hg38/bigZips/hg38.fa.gz
Resolving hgdownload.soe.ucsc.edu (hgdownload.soe.ucsc.edu)... 128.114.119.163
Connecting to hgdownload.soe.ucsc.edu (hgdownload.soe.ucsc.edu)|128.114.119.163|:80... connected.
HTTP request sent, awaiting response... 200 OK
Length: 983659424 (938M) [application/x-gzip]
Saving to: ‘hg38.fa.gz’

     0K .......... .......... .......... .......... ..........  0%  311K 51m30s
    50K .......... .......... .......... .......... ..........  0%  561K 40m2s
   100K .......... .......... .......... .......... ..........  0% 2.25M 29m0s
   150K .......... .......... .......... .......... ..........  0% 3.81M 22m46s
   200K .......... .......... .......... .......... ..........  0%  821K 22m7s
   250K .......... .......... .......... .......... ..........  0% 2.93M 19m19s
   300K .......... .......... .......... .......... ..........  0% 1010K 18m49s
   350K .......... .......... .......... .......... ..........  0% 4.17M 16m56s
   400K .......... .......... .......... .......... ..........  0% 1.45M 16m15s
   450K .......... .......... .......... .......... ..........  0% 1.45M 15m43s
   500K .......... .......... .......... .......... ..........  0% 3.26M 14m43s
   550K .......... .......... .......... .......... ..........  0% 1.47M 14m22s
   600K .......... .......... .......... .......... ..........  0% 2.28M 13m48s
   650K .......... .......... .......... .......... ..........  0% 2.27M 13m18s
   700K .......... .......... .......... .......... ..........  0% 1.26M 13m15s
   750K .......... .......... .......... .......... ..........  0% 2.32M 12m50s
   800K .......... .......... .......... .......... ..........  0% 3.30M 12m21s
   850K .......... .......... .......... .......... ..........  0% 1.11M 12m27s
   900K .......... .......... .......... .......... ..........  0% 2.43M 12m8s
   950K .......... .......... .......... .......... ..........  0% 3.07M 11m47s
  1000K .......... .......... .......... .......... ..........  0% 1.75M 11m39s
  1050K .......... .......... .......... .......... ..........  0% 2.32M 11m25s
  1100K .......... .......... .......... .......... ..........  0% 1.28M 11m27s
  1150K .......... .......... .......... .......... ..........  0% 3.31M 11m10s
  1200K .......... .......... .......... .......... ..........  0% 2.28M 11m0s
  1250K .......... .......... .......... .......... ..........  0% 4.26M 10m43s
  1300K .......... .......... .......... .......... ..........  0% 1.19M 10m48s
  1350K .......... .......... .......... .......... ..........  0% 4.06M 10m34s
  1400K .......... .......... .......... .......... ..........  0% 2.29M 10m26s
  1450K .......... .......... .......... .......... ..........  0% 3.73M 10m13s
  1500K .......... .......... .......... .......... ..........  0% 1.32M 10m16s
  1550K .......... .......... .......... .......... ..........  0% 4.66M 10m3s
  1600K .......... .......... .......... .......... ..........  0% 1.17M 10m9s
  1650K .......... .......... .......... .......... ..........  0% 3.53M 9m59s
  1700K .......... .......... .......... .......... ..........  0% 3.23M 9m50s
  1750K .......... .......... .......... .......... ..........  0% 4.43M 9m40s
  1800K .......... .......... .......... .......... ..........  0%  920K 9m52s
  1850K .......... .......... .......... .......... ..........  0% 3.46M 9m44s
  1900K .......... .......... .......... .......... ..........  0% 5.27M 9m33s
  1950K .......... .......... .......... .......... ..........  0% 3.82M 9m25s
  2000K .......... .......... .......... .......... ..........  0% 1.43M 9m27s
  2050K .......... .......... .......... .......... ..........  0%  982K 9m37s
  2100K .......... .......... .......... .......... ..........  0% 6.30M 9m27s
  2150K .......... .......... .......... .......... ..........  0% 3.95M 9m19s
  2200K .......... .......... .......... .......... ..........  0% 2.01M 9m17s
  2250K .......... .......... .......... .......... ..........  0% 2.11M 9m15s
  2300K .......... .......... .......... .......... ..........  0% 2.08M 9m12s
  2350K .......... .......... .......... .......... ..........  0% 2.05M 9m10s
  2400K .......... .......... .......... .......... ..........  0% 3.52M 9m5s
  2450K .......... .......... .......... .......... ..........  0% 7.68M 8m56s
  2500K .......... .......... .......... .......... ..........  0% 3.50M 8m51s
  2550K .......... .......... .......... .......... ..........  0% 1.19M 8m56s
  2600K .......... .......... .......... .......... ..........  0% 2.07M 8m54s
  2650K .......... .......... .......... .......... ..........  0% 2.09M 8m52s
  2700K .......... .......... .......... .......... ..........  0% 1.89M 8m52s
  2750K .......... .......... .......... .......... ..........  0% 3.92M 8m46s
  2800K .......... .......... .......... .......... ..........  0% 3.61M 8m42s
  2850K .......... .......... .......... .......... ..........  0% 1.39M 8m44s
  2900K .......... .......... .......... .......... ..........  0% 2.45M 8m42s
  2950K .......... .......... .......... .......... ..........  0% 6.93M 8m35s
  3000K .......... .......... .......... .......... ..........  0% 3.99M 8m31s
  3050K .......... .......... .......... .......... ..........  0%  632K 8m47s
  3100K .......... .......... .......... .......... ..........  0% 3.40M 8m43s
  3150K .......... .......... .......... .......... ..........  0% 2.83M 8m40s
  3200K .......... .......... .......... .......... ..........  0% 4.66M 8m35s
  3250K .......... .......... .......... .......... ..........  0% 4.39M 8m30s
  3300K .......... .......... .......... .......... ..........  0% 3.38M 8m27s
  3350K .......... .......... .......... .......... ..........  0% 1.28M 8m30s
  3400K .......... .......... .......... .......... ..........  0% 1.25M 8m34s
  3450K .......... .......... .......... .......... ..........  0% 2.58M 8m31s
  3500K .......... .......... .......... .......... ..........  0% 4.42M 8m27s
  3550K .......... .......... .......... .......... ..........  0% 3.15M 8m24s
  3600K .......... .......... .......... .......... ..........  0% 3.94M 8m20s
  3650K .......... .......... .......... .......... ..........  0% 3.66M 8m17s
  3700K .......... .......... .......... .......... ..........  0% 2.07M 8m16s
  3750K .......... .......... .......... .......... ..........  0% 1.80M 8m17s
  3800K .......... .......... .......... .......... ..........  0% 5.49M 8m13s
  3850K .......... .......... .......... .......... ..........  0% 3.94M 8m9s
  3900K .......... .......... .......... .......... ..........  0% 4.80M 8m5s
  3950K .......... .......... .......... .......... ..........  0% 4.38M 8m2s
  4000K .......... .......... .......... .......... ..........  0% 4.38M 7m59s
  4050K .......... .......... .......... .......... ..........  0% 3.01M 7m57s
  4100K .......... .......... .......... .......... ..........  0% 2.78M 7m55s
  4150K .......... .......... .......... .......... ..........  0% 1.32M 7m58s
  4200K .......... .......... .......... .......... ..........  0% 4.16M 7m55s
  4250K .......... .......... .......... .......... ..........  0% 3.58M 7m52s
  4300K .......... .......... .......... .......... ..........  0% 4.10M 7m49s
  4350K .......... .......... .......... .......... ..........  0% 5.16M 7m46s
  4400K .......... .......... .......... .......... ..........  0% 4.34M 7m43s
  4450K .......... .......... .......... .......... ..........  0% 4.48M 7m40s
  4500K .......... .......... .......... .......... ..........  0%  736K 7m49s
  4550K .......... .......... .......... .......... ..........  0% 1.16M 7m53s
  4600K .......... .......... .......... .......... ..........  0% 3.49M 7m51s
  4650K .......... .......... .......... .......... ..........  0% 3.92M 7m48s
  4700K .......... .......... .......... .......... ..........  0% 4.42M 7m46s
  4750K .......... .......... .......... .......... ..........  0% 4.18M 7m43s
  4800K .......... .......... .......... .......... ..........  0% 2.64M 7m42s
  4850K .......... .......... .......... .......... ..........  0% 4.68M 7m39s
  4900K .......... .......... .......... .......... ..........  0% 4.31M 7m37s
  4950K .......... .......... .......... .......... ..........  0%  888K 7m43s
  5000K .......... .......... .......... .......... ..........  0% 2.01M 7m43s
  5050K .......... .......... .......... .......... ..........  0% 5.88M 7m40s
  5100K .......... .......... .......... .......... ..........  0% 4.25M 7m38s
  5150K .......... .......... .......... .......... ..........  0% 3.20M 7m36s
  5200K .......... .......... .......... .......... ..........  0% 4.89M 7m33s
  5250K .......... .......... .......... .......... ..........  0% 4.19M 7m31s
  5300K .......... .......... .......... .......... ..........  0% 4.37M 7m29s
  5350K .......... .......... .......... .......... ..........  0% 4.36M 7m27s
  5400K .......... .......... .......... .......... ..........  0% 4.49M 7m25s
  5450K .......... .......... .......... .......... ..........  0% 1003K 7m29s
  5500K .......... .......... .......... .......... ..........  0% 1.72M 7m30s
  5550K .......... .......... .......... .......... ..........  0% 4.29M 7m28s
  5600K .......... .......... .......... .......... ..........  0% 4.53M 7m26s
  5650K .......... .......... .......... .......... ..........  0% 3.99M 7m24s
  5700K .......... .......... .......... .......... ..........  0% 2.69M 7m23s
  5750K .......... .......... .......... .......... ..........  0% 3.18M 7m22s
  5800K .......... .......... .......... .......... ..........  0% 4.29M 7m20s
  5850K .......... .......... .......... .......... ..........  0% 4.14M 7m18s
  5900K .......... .......... .......... .......... ..........  0% 4.39M 7m16s
  5950K .......... .......... .......... .......... ..........  0% 2.80M 7m15s
  6000K .......... .......... .......... .......... ..........  0% 3.68M 7m14s
  6050K .......... .......... .......... .......... ..........  0% 5.13M 7m11s
  6100K .......... .......... .......... .......... ..........  0% 4.81M 7m9s
  6150K .......... .......... .......... .......... ..........  0% 3.26M 7m8s
  6200K .......... .......... .......... .......... ..........  0% 4.34M 7m7s
  6250K .......... .......... .......... .......... ..........  0% 4.60M 7m5s
  6300K .......... .......... .......... .......... ..........  0% 4.70M 7m3s
  6350K .......... .......... .......... .......... ..........  0% 4.37M 7m1s
  6400K .......... .......... .......... .......... ..........  0%  633K 7m10s
  6450K .......... .......... .......... .......... ..........  0% 4.02M 7m8s
  6500K .......... .......... .......... .......... ..........  0% 2.87M 7m7s
  6550K .......... .......... .......... .......... ..........  0% 3.48M 7m6s
  6600K .......... .......... .......... .......... ..........  0% 4.68M 7m4s
  6650K .......... .......... .......... .......... ..........  0% 4.70M 7m3s
  6700K .......... .......... .......... .......... ..........  0% 3.82M 7m1s
  6750K .......... .......... .......... .......... ..........  0% 5.10M 7m0s
  6800K .......... .......... .......... .......... ..........  0% 2.27M 6m59s
  6850K .......... .......... .......... .......... ..........  0% 6.07M 6m58s
  6900K .......... .......... .......... .......... ..........  0%  630K 7m5s
  6950K .......... .......... .......... .......... ..........  0% 4.49M 7m4s
  7000K .......... .......... .......... .......... ..........  0% 4.21M 7m2s
  7050K .......... .......... .......... .......... ..........  0% 5.09M 7m1s
  7100K .......... .......... .......... .......... ..........  0% 4.44M 6m59s
  7150K .......... .......... .......... .......... ..........  0% 4.01M 6m58s
  7200K .......... .......... .......... .......... ..........  0% 3.96M 6m57s
  7250K .......... .......... .......... .......... ..........  0% 4.38M 6m55s
  7300K .......... .......... .......... .......... ..........  0% 4.35M 6m54s
  7350K .......... .......... .......... .......... ..........  0%  613K 7m1s
  7400K .......... .......... .......... .......... ..........  0% 4.61M 7m0s
  7450K .......... .......... .......... .......... ..........  0% 2.58M 7m0s
  7500K .......... .......... .......... .......... ..........  0% 2.32M 6m59s
  7550K .......... .......... .......... .......... ..........  0% 2.09M 7m0s
  7600K .......... .......... .......... .......... ..........  0% 2.70M 6m59s
  7650K .......... .......... .......... .......... ..........  0% 2.59M 6m59s
  7700K .......... .......... .......... .......... ..........  0% 3.15M 6m58s
  7750K .......... .......... .......... .......... ..........  0% 2.03M 6m58s
  7800K .......... .......... .......... .......... ..........  0% 2.12M 6m58s
  7850K .......... .......... .......... .......... ..........  0% 66.4M 6m56s
  7900K .......... .......... .......... .......... ..........  0% 2.95M 6m55s
  7950K .......... .......... .......... .......... ..........  0% 1.93M 6m55s
  8000K .......... .......... .......... .......... ..........  0% 5.90M 6m54s
  8050K .......... .......... .......... .......... ..........  0% 3.62M 6m53s
  8100K .......... .......... .......... .......... ..........  0% 4.61M 6m51s
  8150K .......... .......... .......... .......... ..........  0% 2.30M 6m51s
  8200K .......... .......... .......... .......... ..........  0% 12.3M 6m49s
  8250K .......... .......... .......... .......... ..........  0% 2.11M 6m49s
  8300K .......... .......... .......... .......... ..........  0% 4.30M 6m48s
  8350K .......... .......... .......... .......... ..........  0% 4.28M 6m47s
  8400K .......... .......... .......... .......... ..........  0% 3.22M 6m46s
  8450K .......... .......... .......... .......... ..........  0% 4.83M 6m45s
  8500K .......... .......... .......... .......... ..........  0% 2.48M 6m45s
  8550K .......... .......... .......... .......... ..........  0% 8.06M 6m43s
  8600K .......... .......... .......... .......... ..........  0% 4.38M 6m42s
  8650K .......... .......... .......... .......... ..........  0% 2.81M 6m42s
  8700K .......... .......... .......... .......... ..........  0% 3.72M 6m41s
  8750K .......... .......... .......... .......... ..........  0% 3.79M 6m40s
  8800K .......... .......... .......... .......... ..........  0% 3.51M 6m39s
  8850K .......... .......... .......... .......... ..........  0% 5.63M 6m38s
  8900K .......... .......... .......... .......... ..........  0% 3.98M 6m37s
  8950K .......... .......... .......... .......... ..........  0% 4.65M 6m36s
  9000K .......... .......... .......... .......... ..........  0% 2.49M 6m36s
  9050K .......... .......... .......... .......... ..........  0%  613K 6m42s
  9100K .......... .......... .......... .......... ..........  0% 4.91M 6m41s
  9150K .......... .......... .......... .......... ..........  0% 3.59M 6m40s
  9200K .......... .......... .......... .......... ..........  0% 3.89M 6m39s
  9250K .......... .......... .......... .......... ..........  0% 5.03M 6m38s
  9300K .......... .......... .......... .......... ..........  0% 3.14M 6m37s
  9350K .......... .......... .......... .......... ..........  0% 3.35M 6m37s
  9400K .......... .......... .......... .......... ..........  0% 4.84M 6m35s
  9450K .......... .......... .......... .......... ..........  0% 4.65M 6m34s
  9500K .......... .......... .......... .......... ..........  0% 4.09M 6m34s
  9550K .......... .......... .......... .......... ..........  0% 5.18M 6m32s
  9600K .......... .......... .......... .......... ..........  1% 3.62M 6m32s
  9650K .......... .......... .......... .......... ..........  1% 4.46M 6m31s
  9700K .......... .......... .......... .......... ..........  1% 2.95M 6m30s
  9750K .......... .......... .......... .......... ..........  1% 5.75M 6m29s
  9800K .......... .......... .......... .......... ..........  1% 3.46M 6m28s
  9850K .......... .......... .......... .......... ..........  1% 3.18M 6m28s
  9900K .......... .......... .......... .......... ..........  1% 7.06M 6m27s
  9950K .......... .......... .......... .......... ..........  1% 3.12M 6m26s
 10000K .......... .......... .......... .......... ..........  1% 7.86M 6m25s
 10050K .......... .......... .......... .......... ..........  1%  621K 6m30s
 10100K .......... .......... .......... .......... ..........  1% 2.90M 6m30s
 10150K .......... .......... .......... .......... ..........  1% 3.68M 6m29s
 10200K .......... .......... .......... .......... ..........  1% 2.72M 6m29s
 10250K .......... .......... .......... .......... ..........  1% 4.69M 6m28s
 10300K .......... .......... .......... .......... ..........  1% 3.45M 6m28s
 10350K .......... .......... .......... .......... ..........  1% 3.88M 6m27s
 10400K .......... .......... .......... .......... ..........  1% 4.98M 6m26s
 10450K .......... .......... .......... .......... ..........  1% 4.54M 6m25s
 10500K .......... .......... .......... .......... ..........  1% 4.45M 6m24s
 10550K .......... .......... .......... .......... ..........  1% 4.45M 6m23s
 10600K .......... .......... .......... .......... ..........  1% 4.42M 6m22s
 10650K .......... .......... .......... .......... ..........  1% 3.62M 6m22s
 10700K .......... .......... .......... .......... ..........  1% 4.54M 6m21s
 10750K .......... .......... .......... .......... ..........  1%  583K 6m27s
 10800K .......... .......... .......... .......... ..........  1% 4.49M 6m26s
 10850K .......... .......... .......... .......... ..........  1% 3.33M 6m25s
 10900K .......... .......... .......... .......... ..........  1% 3.04M 6m25s
 10950K .......... .......... .......... .......... ..........  1% 4.90M 6m24s
 11000K .......... .......... .......... .......... ..........  1% 4.06M 6m23s
 11050K .......... .......... .......... .......... ..........  1% 5.02M 6m22s
 11100K .......... .......... .......... .......... ..........  1% 4.49M 6m22s
 11150K .......... .......... .......... .......... ..........  1% 2.34M 6m22s
 11200K .......... .......... .......... .......... ..........  1% 2.57M 6m22s
 11250K .......... .......... .......... .......... ..........  1% 7.82M 6m20s
 11300K .......... .......... .......... .......... ..........  1% 4.50M 6m20s
 11350K .......... .......... .......... .......... ..........  1% 4.54M 6m19s
 11400K .......... .......... .......... .......... ..........  1% 4.39M 6m18s
 11450K .......... .......... .......... .......... ..........  1% 1.91M 6m19s
 11500K .......... .......... .......... .......... ..........  1%  893K 6m21s
 11550K .......... .......... .......... .......... ..........  1% 4.12M 6m21s
 11600K .......... .......... .......... .......... ..........  1% 4.39M 6m20s
 11650K .......... .......... .......... .......... ..........  1% 4.49M 6m19s
 11700K .......... .......... .......... .......... ..........  1% 2.55M 6m19s
 11750K .......... .......... .......... .......... ..........  1% 4.99M 6m18s
 11800K .......... .......... .......... .......... ..........  1% 4.55M 6m18s
 11850K .......... .......... .......... .......... ..........  1% 4.77M 6m17s
 11900K .......... .......... .......... .......... ..........  1% 3.55M 6m16s
 11950K .......... .......... .......... .......... ..........  1% 4.26M 6m16s
 12000K .......... .......... .......... .......... ..........  1% 2.40M 6m16s
 12050K .......... .......... .......... .......... ..........  1% 4.06M 6m15s
 12100K .......... .......... .......... .......... ..........  1% 2.88M 6m15s
 12150K .......... .......... .......... .......... ..........  1% 5.27M 6m14s
 12200K .......... .......... .......... .......... ..........  1% 4.28M 6m13s
 12250K .......... .......... .......... .......... ..........  1% 4.89M 6m13s
 12300K .......... .......... .......... .......... ..........  1%  583K 6m18s
 12350K .......... .......... .......... .......... ..........  1% 2.87M 6m17s
 12400K .......... .......... .......... .......... ..........  1% 6.53M 6m16s
 12450K .......... .......... .......... .......... ..........  1% 4.55M 6m16s
 12500K .......... .......... .......... .......... ..........  1% 4.29M 6m15s
 12550K .......... .......... .......... .......... ..........  1% 4.48M 6m14s
 12600K .......... .......... .......... .......... ..........  1% 3.87M 6m14s
 12650K .......... .......... .......... .......... ..........  1% 4.80M 6m13s
 12700K .......... .......... .......... .......... ..........  1% 4.36M 6m12s
 12750K .......... .......... .......... .......... ..........  1% 4.36M 6m12s
 12800K .......... .......... .......... .......... ..........  1% 3.89M 6m11s
 12850K .......... .......... .......... .......... ..........  1% 3.84M 6m11s
 12900K .......... .......... .......... .......... ..........  1% 4.29M 6m10s
 12950K .......... .......... .......... .......... ..........  1% 2.03M 6m10s
 13000K .......... .......... .......... .......... .......